<?xml version="1.0" encoding="UTF-8"?>
<!-- Generated by org.testng.reporters.JUnitXMLReporter -->
<testsuite ignored="0" hostname="DESKTOP-O0J8U4I" failures="0" tests="4" name="Default test" time="7.293" errors="0" timestamp="2025-02-18T17:43:57 IST">
  <testcase classname="api.Test.DataDrivenTests" name="testDeleteUserByName" time="2.556"/>
  <testcase classname="api.Test.DataDrivenTests" name="testDeleteUserByName" time="1.4"/>
  <testcase classname="api.Test.DataDrivenTests" name="testDeleteUserByName" time="1.327"/>
  <testcase classname="api.Test.DataDrivenTests" name="testDeleteUserByName" time="1.374"/>
</testsuite> <!-- Default test -->
