<?xml version="1.0" encoding="UTF-8"?>
<testng-results ignored="0" total="4" passed="4" failed="0" skipped="0">
  <reporter-output>
  </reporter-output>
  <suite started-at="2025-02-19T10:57:35 IST" name="PetSuite" finished-at="2025-02-19T10:57:44 IST" duration-ms="9152">
    <groups>
    </groups>
    <test started-at="2025-02-19T10:57:35 IST" name="PetTest" finished-at="2025-02-19T10:57:44 IST" duration-ms="9152">
      <class name="api.Test.UserTests">
        <test-method is-config="true" signature="setupData()[pri:0, instance:api.Test.UserTests@776aec5c]" started-at="2025-02-19T10:57:35 IST" name="setupData" finished-at="2025-02-19T10:57:36 IST" duration-ms="644" status="PASS">
          <reporter-output>
          </reporter-output>
        </test-method> <!-- setupData -->
        <test-method signature="testPostUser()[pri:1, instance:api.Test.UserTests@776aec5c]" started-at="2025-02-19T10:57:36 IST" name="testPostUser" finished-at="2025-02-19T10:57:39 IST" duration-ms="3125" status="PASS">
          <reporter-output>
          </reporter-output>
        </test-method> <!-- testPostUser -->
        <test-method signature="testgetUserByName()[pri:2, instance:api.Test.UserTests@776aec5c]" started-at="2025-02-19T10:57:39 IST" name="testgetUserByName" finished-at="2025-02-19T10:57:40 IST" duration-ms="1326" status="PASS">
          <reporter-output>
          </reporter-output>
        </test-method> <!-- testgetUserByName -->
        <test-method signature="testUpdateUserByName()[pri:3, instance:api.Test.UserTests@776aec5c]" started-at="2025-02-19T10:57:40 IST" name="testUpdateUserByName" finished-at="2025-02-19T10:57:43 IST" duration-ms="2503" status="PASS">
          <reporter-output>
          </reporter-output>
        </test-method> <!-- testUpdateUserByName -->
        <test-method signature="testDeleteUserByName()[pri:4, instance:api.Test.UserTests@776aec5c]" started-at="2025-02-19T10:57:43 IST" name="testDeleteUserByName" finished-at="2025-02-19T10:57:44 IST" duration-ms="1212" status="PASS">
          <reporter-output>
          </reporter-output>
        </test-method> <!-- testDeleteUserByName -->
      </class> <!-- api.Test.UserTests -->
    </test> <!-- PetTest -->
  </suite> <!-- PetSuite -->
</testng-results>
