<?xml version="1.0" encoding="UTF-8"?>
<!-- Generated by org.testng.reporters.JUnitXMLReporter -->
<testsuite ignored="0" hostname="DESKTOP-O0J8U4I" failures="0" tests="4" name="PetTest" time="9.152" errors="0" timestamp="2025-02-19T10:57:45 IST">
  <testcase classname="api.Test.UserTests" name="testPostUser" time="3.125"/>
  <testcase classname="api.Test.UserTests" name="testgetUserByName" time="1.326"/>
  <testcase classname="api.Test.UserTests" name="testUpdateUserByName" time="2.503"/>
  <testcase classname="api.Test.UserTests" name="testDeleteUserByName" time="1.212"/>
</testsuite> <!-- PetTest -->
